[debug] > Exec(early(addDefaultCommands), None, None)
[debug] > Exec(addDefaultCommands, None, None)
[debug] > Exec(early(initialize), None, None)
[debug] > Exec(initialize, None, None)
[debug] > Exec(early(addPluginSbtFile="""C:\Users\manal\AppData\Local\Temp\idea.sbt"""), None, None)
[debug] > Exec(addPluginSbtFile="""C:\Users\manal\AppData\Local\Temp\idea.sbt""", None, None)
[debug] > Exec(boot, None, None)
[debug] > Exec(writeSbtVersion, None, None)
[debug] > Exec(reload, None, None)
[debug] > Exec(sbtStashOnFailure, None, None)
[debug] > Exec(onFailure loadFailed, None, None)
[debug] > Exec(loadp, None, None)
[info] welcome to sbt 1.10.2 (Oracle Corporation Java 23)
[debug] Load.defaultLoad until apply took 78.3772ms
[debug]           Load.loadUnit: plugins took 79.5912ms
[debug]           Load.loadUnit: defsScala took 0.217ms
[debug] [Loading] Scanning directory C:\Users\manal\IdeaProjects\BigDataproject\project
[debug]             Load.loadUnit: mkEval took 6.3598ms
[debug] [Loading] Found non-root projects 
[debug] [Loading] Done in C:\Users\manal\IdeaProjects\BigDataproject\project, returning: ()
[debug] deducing auto plugins based on known facts Set(Atom(sbt.plugins.CorePlugin)) and clauses Clauses(Clause(Atom(sbt.plugins.JvmPlugin),Set(Atom(sbt.plugins.IvyPlugin)))
[debug] Clause(Atom(sbt.ScriptedPlugin),Set(Atom(sbt.plugins.JvmPlugin)))
[debug] Clause(Atom(sbt.plugins.SbtPlugin),Set(Atom(sbt.ScriptedPlugin)))
[debug] Clause(Atom(sbt.plugins.SemanticdbPlugin),Set(Atom(sbt.plugins.JvmPlugin)))
[debug] Clause(Atom(sbt.plugins.JUnitXmlReportPlugin),Set(Atom(sbt.plugins.JvmPlugin)))
[debug] Clause(Atom(sbt.plugins.MiniDependencyTreePlugin),Set(Atom(sbt.plugins.JvmPlugin)))
[debug] Clause(Atom(sbt.plugins.CorePlugin),Set(Atom(sbt.plugins.IvyPlugin)))
[debug] Clause(Atom(sbt.plugins.IvyPlugin),Set(Atom(sbt.plugins.JvmPlugin)))
[debug] Clause(Atom(sbt.plugins.JvmPlugin),Set(Atom(sbt.plugins.SemanticdbPlugin)))
[debug] Clause(Atom(sbt.plugins.JvmPlugin),Set(Atom(sbt.plugins.JUnitXmlReportPlugin)))
[debug] Clause(Atom(sbt.plugins.CorePlugin),Set(Atom(sbt.plugins.Giter8TemplatePlugin)))
[debug] Clause(Atom(sbt.plugins.JvmPlugin),Set(Atom(sbt.plugins.MiniDependencyTreePlugin))))
[debug]   :: deduced result: Matched(sbt.plugins.CorePlugin,sbt.plugins.Giter8TemplatePlugin,sbt.plugins.IvyPlugin,sbt.plugins.JvmPlugin,sbt.plugins.MiniDependencyTreePlugin,sbt.plugins.JUnitXmlReportPlugin,sbt.plugins.SemanticdbPlugin)
[debug] Plugins.deducer#function took 10.6695 ms
[info] loading settings for project bigdataproject-build from idea.sbt ...
[debug]               Load.resolveProject(bigdataproject-build) took 35.195ms
[debug]             Load.loadTransitive: finalizeProject(Project(id bigdataproject-build, base: C:\Users\manal\IdeaProjects\BigDataproject\project, plugins: List(<none>))) took 51.8431ms
[debug] [Loading] Done in C:\Users\manal\IdeaProjects\BigDataproject\project, returning: (bigdataproject-build)
[debug]           Load.loadUnit: loadedProjectsRaw took 2283.4302ms
[debug]           Load.loadUnit: cleanEvalClasses took 7.374ms
[debug]         Load.loadUnit(file:/C:/Users/manal/IdeaProjects/BigDataproject/project/, ...) took 2375.9067ms
[debug]       Load.apply: load took 2508.7293ms
[debug]       Load.apply: resolveProjects took 3.7392ms
[debug]       Load.apply: finalTransforms took 46.9207ms
[debug]       Load.apply: config.delegates took 4.9473ms
[debug]       Load.apply: Def.make(settings)... took 349.3963ms
[debug]       Load.apply: structureIndex took 86.0335ms
[debug]       Load.apply: mkStreams took 1.2949ms
[info] loading project definition from C:\Users\manal\IdeaProjects\BigDataproject\project
[debug] Running task... Cancel: Signal, check cycles: false, forcegc: true
[debug]     Load.loadUnit: plugins took 4509.6217ms
[debug]     Load.loadUnit: defsScala took 0.0019ms
[debug] [Loading] Scanning directory C:\Users\manal\IdeaProjects\BigDataproject
[debug]       Load.loadUnit: mkEval took 0.168ms
[debug] [Loading] Found root project root w/ remaining 
[debug] deducing auto plugins based on known facts Set(Atom(sbt.plugins.CorePlugin)) and clauses Clauses(Clause(Atom(sbt.plugins.JvmPlugin),Set(Atom(sbt.plugins.IvyPlugin)))
[debug] Clause(Atom(sbt.ScriptedPlugin),Set(Atom(sbt.plugins.JvmPlugin)))
[debug] Clause(Atom(sbt.plugins.SbtPlugin),Set(Atom(sbt.ScriptedPlugin)))
[debug] Clause(Atom(sbt.plugins.SemanticdbPlugin),Set(Atom(sbt.plugins.JvmPlugin)))
[debug] Clause(Atom(sbt.plugins.JUnitXmlReportPlugin),Set(Atom(sbt.plugins.JvmPlugin)))
[debug] Clause(Atom(sbt.plugins.MiniDependencyTreePlugin),Set(Atom(sbt.plugins.JvmPlugin)))
[debug] Clause(Atom(org.jetbrains.sbt.StructurePlugin),Set(Atom(sbt.plugins.JvmPlugin)))
[debug] Clause(Atom(org.jetbrains.sbt.IdeaShellPlugin),Set(Atom(sbt.plugins.JvmPlugin)))
[debug] Clause(Atom(sbt.plugins.CorePlugin),Set(Atom(sbt.plugins.IvyPlugin)))
[debug] Clause(Atom(sbt.plugins.IvyPlugin),Set(Atom(sbt.plugins.JvmPlugin)))
[debug] Clause(Atom(sbt.plugins.JvmPlugin),Set(Atom(sbt.plugins.SemanticdbPlugin)))
[debug] Clause(Atom(sbt.plugins.JvmPlugin),Set(Atom(sbt.plugins.JUnitXmlReportPlugin)))
[debug] Clause(Atom(sbt.plugins.CorePlugin),Set(Atom(sbt.plugins.Giter8TemplatePlugin)))
[debug] Clause(Atom(sbt.plugins.JvmPlugin),Set(Atom(sbt.plugins.MiniDependencyTreePlugin)))
[debug] Clause(Atom(sbt.plugins.JvmPlugin),Set(Atom(org.jetbrains.sbt.StructurePlugin)))
[debug] Clause(Atom(sbt.plugins.JvmPlugin),Set(Atom(org.jetbrains.sbt.IdeaShellPlugin))))
[debug]   :: deduced result: Matched(sbt.plugins.CorePlugin,sbt.plugins.Giter8TemplatePlugin,sbt.plugins.IvyPlugin,sbt.plugins.JvmPlugin,sbt.plugins.SemanticdbPlugin,sbt.plugins.JUnitXmlReportPlugin,org.jetbrains.sbt.IdeaShellPlugin,org.jetbrains.sbt.StructurePlugin,sbt.plugins.MiniDependencyTreePlugin)
[debug] Plugins.deducer#function took 1.912 ms
[info] loading settings for project root from build.sbt ...
[debug]         Load.resolveProject(root) took 21.1135ms
[debug]       Load.loadTransitive: finalizeProject(Project(id root, base: C:\Users\manal\IdeaProjects\BigDataproject, plugins: List(<none>))) took 23.7561ms
[debug] [Loading] Done in C:\Users\manal\IdeaProjects\BigDataproject, returning: (root)
[debug]     Load.loadUnit: loadedProjectsRaw took 1322.6226ms
[debug]     Load.loadUnit: cleanEvalClasses took 13.0406ms
[debug]   Load.loadUnit(file:/C:/Users/manal/IdeaProjects/BigDataproject/, ...) took 5846.3871ms
[debug] Load.apply: load took 5858.9801ms
[debug] Load.apply: resolveProjects took 0.0865ms
[debug] Load.apply: finalTransforms took 21.4839ms
[debug] Load.apply: config.delegates took 0.3253ms
[debug] Load.apply: Def.make(settings)... took 89.2524ms
[debug] Load.apply: structureIndex took 25.0108ms
[debug] Load.apply: mkStreams took 0.0026ms
[info] set current project to BigDataproject (in build file:/C:/Users/manal/IdeaProjects/BigDataproject/)
[debug] > Exec(sbtPopOnFailure, None, None)
[debug] > Exec(resumeFromFailure, None, None)
[debug] > Exec(notifyUsersAboutShell, None, None)
[debug] > Exec(iflast shell, None, None)
[debug] > Exec(idea-shell, None, None)
