[debug] > Exec(early(addDefaultCommands), None, None)
[debug] > Exec(addDefaultCommands, None, None)
[debug] > Exec(early(initialize), None, None)
[debug] > Exec(initialize, None, None)
[debug] > Exec(early(addPluginSbtFile="""C:\Users\manal\AppData\Local\Temp\idea.sbt"""), None, None)
[debug] > Exec(addPluginSbtFile="""C:\Users\manal\AppData\Local\Temp\idea.sbt""", None, None)
[debug] > Exec(boot, None, None)
[debug] > Exec(writeSbtVersion, None, None)
[debug] > Exec(reload, None, None)
[debug] > Exec(sbtStashOnFailure, None, None)
[debug] > Exec(onFailure loadFailed, None, None)
[debug] > Exec(loadp, None, None)
[info] welcome to sbt 1.10.2 (Oracle Corporation Java 23)
[debug] Load.defaultLoad until apply took 112.3174ms
[debug]           Load.loadUnit: plugins took 93.8392ms
[debug]           Load.loadUnit: defsScala took 0.284ms
[debug] [Loading] Scanning directory C:\Users\manal\IdeaProjects\BigDataproject\project
[debug]             Load.loadUnit: mkEval took 6.6771ms
[debug] [Loading] Found non-root projects 
[debug] [Loading] Done in C:\Users\manal\IdeaProjects\BigDataproject\project, returning: ()
[debug] deducing auto plugins based on known facts Set(Atom(sbt.plugins.CorePlugin)) and clauses Clauses(Clause(Atom(sbt.plugins.JvmPlugin),Set(Atom(sbt.plugins.IvyPlugin)))
[debug] Clause(Atom(sbt.ScriptedPlugin),Set(Atom(sbt.plugins.JvmPlugin)))
[debug] Clause(Atom(sbt.plugins.SbtPlugin),Set(Atom(sbt.ScriptedPlugin)))
[debug] Clause(Atom(sbt.plugins.SemanticdbPlugin),Set(Atom(sbt.plugins.JvmPlugin)))
[debug] Clause(Atom(sbt.plugins.JUnitXmlReportPlugin),Set(Atom(sbt.plugins.JvmPlugin)))
[debug] Clause(Atom(sbt.plugins.MiniDependencyTreePlugin),Set(Atom(sbt.plugins.JvmPlugin)))
[debug] Clause(Atom(sbt.plugins.CorePlugin),Set(Atom(sbt.plugins.IvyPlugin)))
[debug] Clause(Atom(sbt.plugins.IvyPlugin),Set(Atom(sbt.plugins.JvmPlugin)))
[debug] Clause(Atom(sbt.plugins.JvmPlugin),Set(Atom(sbt.plugins.SemanticdbPlugin)))
[debug] Clause(Atom(sbt.plugins.JvmPlugin),Set(Atom(sbt.plugins.JUnitXmlReportPlugin)))
[debug] Clause(Atom(sbt.plugins.CorePlugin),Set(Atom(sbt.plugins.Giter8TemplatePlugin)))
[debug] Clause(Atom(sbt.plugins.JvmPlugin),Set(Atom(sbt.plugins.MiniDependencyTreePlugin))))
[debug]   :: deduced result: Matched(sbt.plugins.CorePlugin,sbt.plugins.Giter8TemplatePlugin,sbt.plugins.IvyPlugin,sbt.plugins.JvmPlugin,sbt.plugins.MiniDependencyTreePlugin,sbt.plugins.JUnitXmlReportPlugin,sbt.plugins.SemanticdbPlugin)
[debug] Plugins.deducer#function took 18.671 ms
[info] loading settings for project bigdataproject-build from idea.sbt ...
[debug]               Load.resolveProject(bigdataproject-build) took 43.2613ms
[debug]             Load.loadTransitive: finalizeProject(Project(id bigdataproject-build, base: C:\Users\manal\IdeaProjects\BigDataproject\project, plugins: List(<none>))) took 78.8347ms
[debug] [Loading] Done in C:\Users\manal\IdeaProjects\BigDataproject\project, returning: (bigdataproject-build)
[debug]           Load.loadUnit: loadedProjectsRaw took 318.9466ms
[debug]           Load.loadUnit: cleanEvalClasses took 9.044ms
[debug]         Load.loadUnit(file:/C:/Users/manal/IdeaProjects/BigDataproject/project/, ...) took 428.4035ms
[debug]       Load.apply: load took 571.7362ms
[debug]       Load.apply: resolveProjects took 4.8173ms
[debug]       Load.apply: finalTransforms took 63.4551ms
[debug]       Load.apply: config.delegates took 13.4068ms
[debug]       Load.apply: Def.make(settings)... took 453.9733ms
[debug]       Load.apply: structureIndex took 94.1053ms
[debug]       Load.apply: mkStreams took 1.9095ms
[info] loading project definition from C:\Users\manal\IdeaProjects\BigDataproject\project
[debug] Running task... Cancel: Signal, check cycles: false, forcegc: true
[debug]     Load.loadUnit: plugins took 2874.3544ms
[debug]     Load.loadUnit: defsScala took 0.0031ms
[debug] [Loading] Scanning directory C:\Users\manal\IdeaProjects\BigDataproject
[debug]       Load.loadUnit: mkEval took 0.3048ms
[debug] [Loading] Found root project root w/ remaining 
[debug] deducing auto plugins based on known facts Set(Atom(sbt.plugins.CorePlugin)) and clauses Clauses(Clause(Atom(sbt.plugins.JvmPlugin),Set(Atom(sbt.plugins.IvyPlugin)))
[debug] Clause(Atom(sbt.ScriptedPlugin),Set(Atom(sbt.plugins.JvmPlugin)))
[debug] Clause(Atom(sbt.plugins.SbtPlugin),Set(Atom(sbt.ScriptedPlugin)))
[debug] Clause(Atom(sbt.plugins.SemanticdbPlugin),Set(Atom(sbt.plugins.JvmPlugin)))
[debug] Clause(Atom(sbt.plugins.JUnitXmlReportPlugin),Set(Atom(sbt.plugins.JvmPlugin)))
[debug] Clause(Atom(sbt.plugins.MiniDependencyTreePlugin),Set(Atom(sbt.plugins.JvmPlugin)))
[debug] Clause(Atom(org.jetbrains.sbt.StructurePlugin),Set(Atom(sbt.plugins.JvmPlugin)))
[debug] Clause(Atom(org.jetbrains.sbt.IdeaShellPlugin),Set(Atom(sbt.plugins.JvmPlugin)))
[debug] Clause(Atom(sbt.plugins.CorePlugin),Set(Atom(sbt.plugins.IvyPlugin)))
[debug] Clause(Atom(sbt.plugins.IvyPlugin),Set(Atom(sbt.plugins.JvmPlugin)))
[debug] Clause(Atom(sbt.plugins.JvmPlugin),Set(Atom(sbt.plugins.SemanticdbPlugin)))
[debug] Clause(Atom(sbt.plugins.JvmPlugin),Set(Atom(sbt.plugins.JUnitXmlReportPlugin)))
[debug] Clause(Atom(sbt.plugins.CorePlugin),Set(Atom(sbt.plugins.Giter8TemplatePlugin)))
[debug] Clause(Atom(sbt.plugins.JvmPlugin),Set(Atom(sbt.plugins.MiniDependencyTreePlugin)))
[debug] Clause(Atom(sbt.plugins.JvmPlugin),Set(Atom(org.jetbrains.sbt.StructurePlugin)))
[debug] Clause(Atom(sbt.plugins.JvmPlugin),Set(Atom(org.jetbrains.sbt.IdeaShellPlugin))))
[debug]   :: deduced result: Matched(sbt.plugins.CorePlugin,sbt.plugins.Giter8TemplatePlugin,sbt.plugins.IvyPlugin,sbt.plugins.JvmPlugin,sbt.plugins.SemanticdbPlugin,sbt.plugins.JUnitXmlReportPlugin,org.jetbrains.sbt.IdeaShellPlugin,org.jetbrains.sbt.StructurePlugin,sbt.plugins.MiniDependencyTreePlugin)
[debug] Plugins.deducer#function took 2.2769 ms
[info] loading settings for project root from build.sbt ...
[debug]         Load.resolveProject(root) took 29.1971ms
[debug]       Load.loadTransitive: finalizeProject(Project(id root, base: C:\Users\manal\IdeaProjects\BigDataproject, plugins: List(<none>))) took 32.7864ms
[debug] [Loading] Done in C:\Users\manal\IdeaProjects\BigDataproject, returning: (root)
[debug]     Load.loadUnit: loadedProjectsRaw took 2365.9614ms
[debug]     Load.loadUnit: cleanEvalClasses took 16.2488ms
[debug]   Load.loadUnit(file:/C:/Users/manal/IdeaProjects/BigDataproject/, ...) took 5258.4411ms
[debug] Load.apply: load took 5281.6576ms
[debug] Load.apply: resolveProjects took 0.1141ms
[debug] Load.apply: finalTransforms took 29.3923ms
[debug] Load.apply: config.delegates took 0.3243ms
[debug] Load.apply: Def.make(settings)... took 84.4655ms
[debug] Load.apply: structureIndex took 20.1891ms
[debug] Load.apply: mkStreams took 0.003ms
[info] set current project to BigDataproject (in build file:/C:/Users/manal/IdeaProjects/BigDataproject/)
[debug] > Exec(sbtPopOnFailure, None, None)
[debug] > Exec(resumeFromFailure, None, None)
[debug] > Exec(notifyUsersAboutShell, None, None)
[debug] > Exec(iflast shell, None, None)
[debug] > Exec(idea-shell, None, None)
