2024.09.22 22:14:34 INFO  Started: Metals version 1.3.5 in folders 'C:\Users\manal\IdeaProjects\BigDataproject' for client Visual Studio Code 1.93.1.
SLF4J(W): Class path contains multiple SLF4J providers.
SLF4J(W): Found provider [scribe.slf4j.ScribeServiceProvider@113e5e14]
SLF4J(W): Found provider [ch.qos.logback.classic.spi.LogbackServiceProvider@8980caf]
SLF4J(W): See https://www.slf4j.org/codes.html#multiple_bindings for an explanation.
SLF4J(I): Actual provider is of type [scribe.slf4j.ScribeServiceProvider@113e5e14]
2024.09.22 22:14:34 WARN  Flyway upgrade recommended: H2 2.3.230 is newer than this version of Flyway and support has not been tested. The latest supported version of H2 is 2.2.220.
2024.09.22 22:14:37 INFO  no build target found for C:\Users\manal\IdeaProjects\BigDataproject\src\main\scala\phase1.scala. Using presentation compiler with project's scala-library version: 3.3.3
2024.09.22 22:14:37 INFO  no build target found for C:\Users\manal\IdeaProjects\BigDataproject\src\main\scala\phase1.scala. Using presentation compiler with project's scala-library version: 3.3.3
2024.09.22 22:14:43 INFO  no build target found for C:\Users\manal\IdeaProjects\BigDataproject\src\main\scala\phase1.scala. Using presentation compiler with project's scala-library version: 3.3.3
2024.09.22 22:14:45 INFO  running 'C:\Program Files\Java\jdk-23\bin\java.exe -Djline.terminal=jline.UnsupportedTerminal -Dsbt.log.noformat=true -Dfile.encoding=UTF-8 -jar C:\Users\manal\AppData\Local\Temp\metals8199400431110800048\sbt-launch.jar -Dbloop.export-jar-classifiers=sources bloopInstall'
2024.09.22 22:14:50 INFO  no build target found for C:\Users\manal\IdeaProjects\BigDataproject\src\main\scala\phase1.scala. Using presentation compiler with project's scala-library version: 3.3.3
2024.09.22 22:14:50 INFO  no build target found for C:\Users\manal\IdeaProjects\BigDataproject\build.sbt. Using presentation compiler with project's scala-library version: 3.3.3
2024.09.22 22:14:51 INFO  [info] welcome to sbt 1.10.2 (Oracle Corporation Java 23)
2024.09.22 22:14:53 INFO  no build target found for C:\Users\manal\IdeaProjects\BigDataproject\build.sbt. Using presentation compiler with project's scala-library version: 3.3.3
2024.09.22 22:14:57 INFO  [info] loading settings for project bigdataproject-build-build from metals.sbt ...
2024.09.22 22:14:58 INFO  [info] loading project definition from C:\Users\manal\IdeaProjects\BigDataproject\project\project
2024.09.22 22:15:00 INFO  no build target found for C:\Users\manal\IdeaProjects\BigDataproject\build.sbt. Using presentation compiler with project's scala-library version: 3.3.3
2024.09.22 22:15:00 INFO  no build target found for C:\Users\manal\IdeaProjects\BigDataproject\src\main\scala\phase1.scala. Using presentation compiler with project's scala-library version: 3.3.3
2024.09.22 22:15:09 INFO  [info] loading settings for project bigdataproject-build from metals.sbt ...
2024.09.22 22:15:09 INFO  [info] loading project definition from C:\Users\manal\IdeaProjects\BigDataproject\project
2024.09.22 22:15:18 INFO  no build target found for C:\Users\manal\IdeaProjects\BigDataproject\src\main\scala\phase1.scala. Using presentation compiler with project's scala-library version: 3.3.3
2024.09.22 22:15:22 INFO  [success] Generated .bloop\bigdataproject-build.json
2024.09.22 22:15:22 INFO  [success] Total time: 13 s, completed Sep 22, 2024, 10:15:22 PM
2024.09.22 22:15:27 INFO  [info] loading settings for project root from build.sbt ...
2024.09.22 22:15:27 INFO  [info] set current project to BigDataproject (in build file:/C:/Users/manal/IdeaProjects/BigDataproject/)
2024.09.22 22:15:28 INFO  [success] Generated .bloop\root.json
2024.09.22 22:15:28 INFO  [success] Generated .bloop\root-test.json
2024.09.22 22:15:28 INFO  [success] Total time: 1 s, completed Sep 22, 2024, 10:15:28 PM
2024.09.22 22:15:29 INFO  time: ran 'sbt bloopInstall' in 43s
2024.09.22 22:15:29 INFO  Attempting to connect to the build server...
2024.09.22 22:15:29 INFO  Setting up current java home C:\Program Files\Java\jdk-23 in C:\Users\manal\.bloop\bloop.json
2024.09.22 22:15:55 INFO  tracing is disabled for protocol BSP, to enable tracing of incoming and outgoing JSON messages create an empty file at C:\Users\manal\IdeaProjects\BigDataproject\.metals\bsp.trace.json or C:\Users\manal\AppData\Local\scalameta\metals\cache\bsp.trace.json
2024.09.22 22:15:59 INFO  Attempting to connect to the build server...
2024.09.22 22:15:59 INFO  tracing is disabled for protocol BSP, to enable tracing of incoming and outgoing JSON messages create an empty file at C:\Users\manal\IdeaProjects\BigDataproject\project\.metals\bsp.trace.json or C:\Users\manal\AppData\Local\scalameta\metals\cache\bsp.trace.json
2024.09.22 22:16:12 INFO  time: Connected to build server in 43s
2024.09.22 22:16:12 INFO  Connected to Build server: Bloop v1.6.0
2024.09.22 22:16:12 INFO  time: Imported build in 0.55s
2024.09.22 22:16:13 INFO  running doctor check
2024.09.22 22:16:13 INFO  java targets: bigdataproject-build, root-test, root
2024.09.22 22:16:39 WARN  Flyway upgrade recommended: H2 2.3.230 is newer than this version of Flyway and support has not been tested. The latest supported version of H2 is 2.2.220.
2024.09.22 22:17:26 INFO  time: indexed workspace in 1m13s
2024.09.22 22:17:32 INFO  compiling root (1 scala source)
2024.09.22 22:17:43 INFO  time: compiled root in 10s
2024.09.22 22:17:48 INFO  time: code lens generation in 5.16s
2024.09.26 00:50:57 INFO  Started: Metals version 1.3.5 in folders 'C:\Users\manal\IdeaProjects\BigDataproject' for client Visual Studio Code 1.93.1.
SLF4J(W): Class path contains multiple SLF4J providers.
SLF4J(W): Found provider [scribe.slf4j.ScribeServiceProvider@70762275]
SLF4J(W): Found provider [ch.qos.logback.classic.spi.LogbackServiceProvider@271d6e98]
SLF4J(W): See https://www.slf4j.org/codes.html#multiple_bindings for an explanation.
SLF4J(I): Actual provider is of type [scribe.slf4j.ScribeServiceProvider@70762275]
2024.09.26 00:51:07 WARN  Flyway upgrade recommended: H2 2.3.230 is newer than this version of Flyway and support has not been tested. The latest supported version of H2 is 2.2.220.
2024.09.26 00:51:09 INFO  Attempting to connect to the build server...
2024.09.26 00:51:15 INFO  tracing is disabled for protocol BSP, to enable tracing of incoming and outgoing JSON messages create an empty file at C:\Users\manal\IdeaProjects\BigDataproject\.metals\bsp.trace.json or C:\Users\manal\AppData\Local\scalameta\metals\cache\bsp.trace.json
2024.09.26 00:51:15 INFO  Attempting to connect to the build server...
2024.09.26 00:51:15 INFO  tracing is disabled for protocol BSP, to enable tracing of incoming and outgoing JSON messages create an empty file at C:\Users\manal\IdeaProjects\BigDataproject\project\.metals\bsp.trace.json or C:\Users\manal\AppData\Local\scalameta\metals\cache\bsp.trace.json
2024.09.26 00:51:15 INFO  time: Connected to build server in 7.08s
2024.09.26 00:51:15 INFO  Connected to Build server: Bloop v1.6.0
2024.09.26 00:51:16 INFO  time: Imported build in 0.27s
2024.09.26 00:51:16 INFO  running doctor check
2024.09.26 00:51:16 INFO  java targets: bigdataproject-build, root-test, root
2024.09.26 00:51:30 WARN  Flyway upgrade recommended: H2 2.3.230 is newer than this version of Flyway and support has not been tested. The latest supported version of H2 is 2.2.220.
2024.09.26 00:51:32 INFO  time: indexed workspace in 15s
2024.09.26 00:59:16 INFO  Shutting down server
2024.09.26 00:59:16 INFO  shutting down Metals
2024.09.26 00:59:16 INFO  Shut down connection with build server.
2024.09.26 00:59:16 INFO  Shut down connection with build server.
2024.09.26 00:59:17 INFO  Exiting server
2024.09.26 00:59:36 INFO  Started: Metals version 1.3.5 in folders 'C:\Users\manal\IdeaProjects\BigDataproject' for client Visual Studio Code 1.93.1.
SLF4J(W): Class path contains multiple SLF4J providers.
SLF4J(W): Found provider [scribe.slf4j.ScribeServiceProvider@493a488d]
SLF4J(W): Found provider [ch.qos.logback.classic.spi.LogbackServiceProvider@6fe1ab05]
SLF4J(W): See https://www.slf4j.org/codes.html#multiple_bindings for an explanation.
SLF4J(I): Actual provider is of type [scribe.slf4j.ScribeServiceProvider@493a488d]
2024.09.26 00:59:40 WARN  Flyway upgrade recommended: H2 2.3.230 is newer than this version of Flyway and support has not been tested. The latest supported version of H2 is 2.2.220.
2024.09.26 00:59:40 INFO  Attempting to connect to the build server...
2024.09.26 00:59:40 INFO  tracing is disabled for protocol BSP, to enable tracing of incoming and outgoing JSON messages create an empty file at C:\Users\manal\IdeaProjects\BigDataproject\.metals\bsp.trace.json or C:\Users\manal\AppData\Local\scalameta\metals\cache\bsp.trace.json
2024.09.26 00:59:40 INFO  Attempting to connect to the build server...
2024.09.26 00:59:40 INFO  tracing is disabled for protocol BSP, to enable tracing of incoming and outgoing JSON messages create an empty file at C:\Users\manal\IdeaProjects\BigDataproject\project\.metals\bsp.trace.json or C:\Users\manal\AppData\Local\scalameta\metals\cache\bsp.trace.json
2024.09.26 00:59:41 INFO  time: Connected to build server in 0.74s
2024.09.26 00:59:41 INFO  Connected to Build server: Bloop v1.6.0
2024.09.26 00:59:41 INFO  time: Imported build in 0.38s
2024.09.26 00:59:42 INFO  running doctor check
2024.09.26 00:59:42 INFO  java targets: bigdataproject-build, root-test, root
2024.09.26 00:59:55 WARN  Flyway upgrade recommended: H2 2.3.230 is newer than this version of Flyway and support has not been tested. The latest supported version of H2 is 2.2.220.
2024.09.26 00:59:59 INFO  time: indexed workspace in 17s
2024.09.26 01:01:14 INFO  Shutting down server
2024.09.26 01:01:14 INFO  shutting down Metals
2024.09.26 01:01:14 INFO  Shut down connection with build server.
2024.09.26 01:01:14 INFO  Shut down connection with build server.
2024.09.26 01:01:14 INFO  Exiting server
